
ROM used: 1592 (5%)
          1592 (5%) including unused fragments

          2 Average locations per line
          11 Average locations per statement

RAM used: 33 (2%) at main() level
          51 (2%) worst case

Stack used: 8 worst case (out of 31 total available)

Lines Stmts  %   Files
----- ----- ---  -----
  104    36  26  servo.c
   35     0   0  servo.h
  409     0   0  ..\..\..\..\..\..\Program Files\PICC\devices\18F2550.h
  411   105  74  ..\..\..\..\..\..\Program Files\PICC\drivers\lcd.c
----- -----
  959   141 Total

Page ROM  %  RAM   Vol Diff  Functions:
---- --- --- ---   --- ----  ----------
0     40   1   1             @delay_ms1
0     20   1   0   254  3.7  @const72
0     76   2   3   751  4.5  lcd_read_byte
0     82   3   2   254  3.7  lcd_read_nibble
0     70   2   1   391  2.4  lcd_send_nibble
0     70   2   3   404  3.5  lcd_send_byte
0    112   4   2   816  4.9  lcd_init
0     46   1   4   266  5.5  lcd_gotoxy
0    142   4   2   679  7.2  lcd_putc
0     54   2   0   250  3.6  isr_timer0
0     88   3   0   323  2.8  MAIN
0    102   3   0   110  1.6  update_lcd
0     18   1   0   143  2.2  @const111
0     30   1   3   143  2.2  @PSTRINGCN_92
0     40   1   3             @DIV88
0    200   6   6             @PRINTF_D_92
0     12   0   0             @const120
0     68   2   5    89  2.9  set_pwm_freq
0    144   5  13             @DIV3232
0      8   0   1    25  1.6  set_pwm_duty

Program metrics:
    Functions               15
    Statements              141
    Comments                198
    Volume (V)              8196
    Difficilty (D)          52.5
    Effort to implement (E) 430214
    Time to implement (T)   6 hours, 38 minutes
    Est Delivered Bugs (B)  2
    Cyclomatic Complexity   14
    Maintainability (MI)    71

 Segment     Used  Free
-----------  ----  ----
00000-00002     4  0  
00004-00006     0  4  
00008-000AC   166  0  
000AE-07FFE  1422  31172  



