
ROM used: 5644 (17%)
          5644 (17%) including unused fragments

          1 Average locations per line
          8 Average locations per statement

RAM used: 384 (19%) at main() level
          423 (21%) worst case

Stack used: 17 worst case (out of 31 total available)

Lines Stmts  %   Files
----- ----- ---  -----
  141    43   6  main.c
  409     0   0  ..\..\..\..\..\..\Program Files\PICC\devices\18F2550.h
  222     0   0  ..\..\..\..\..\..\Program Files\PICC\drivers\pic18_usb.h
  328     0   0  ..\..\..\..\..\..\Program Files\PICC\drivers\usb_hw_layer.h
  149     0   0  usb_desc.h
 1087     0   0  ..\..\..\..\..\..\Program Files\PICC\drivers\usb.h
  818   218  32  ..\..\..\..\..\..\Program Files\PICC\drivers\usb.c
 1373   320  47  ..\..\..\..\..\..\Program Files\PICC\drivers\pic18_usb.c
  411   105  15  ..\..\..\..\..\..\Program Files\PICC\drivers\lcd.c
----- -----
 4938   686 Total

Page ROM  %  RAM   Vol Diff  Functions:
---- --- --- ---   --- ----  ----------
0     40   0   1             @delay_ms1
0     32   0   0             @const159
0     48   0   0             @const163
0     48   0   0             @const167
0     18   0   0             @const169
0     34   0   0             @const171
0     58   1   0             @const174
0     80   1   3   139  4.3  usb_kbhit
0     30   0   5             @MUL1616
0     78   1   3   139  4.3  usb_tbe
0     36   0   1   134  2.5  usb_detach
0     34   0   0   136  2.2  usb_attach
0      6   0   0    16  1.0  usb_init_cs
0     34   0   1   362  5.0  usb_task
0     14   0   0    61  2.5  usb_init
0    262   2   7  1092  5.4  usb_flush_in
0    220   2   7   914  5.0  usb_flush_out
0    264   2  12   652  5.9  usb_get_packet_buffer
0     66   1   5   154  3.9  usb_get_packet
0     90   1   4   258  4.6  usb_stall_ep
0     88   1   4   266  4.6  usb_unstall_ep
0    106   1   5   373  6.0  usb_endpoint_stalled
0     22   0   1    94  2.7  usb_set_address
0    418   4  10  1774 10.4  usb_set_configured
0     96   1   3   199  3.2  usb_disable_endpoint
0     22   0   1    99  3.0  usb_disable_endpoints
0      4   0   0    48  2.9  usb_clear_trn
0    126   1   2   656  6.7  usb_isr
0      6   0   0    43  2.0  usb_isr_sof
0     42   0   0   357  4.2  usb_isr_rst
0     32   0   0   508  4.0  usb_init_ep0_setup
0      8   0   0    74  2.8  usb_isr_uerr
0     10   0   0    82  2.8  usb_isr_uidle
0     16   0   0   102  3.3  usb_isr_activity
0     14   0   0   151  3.9  usb_isr_stall
0      6   0   1    30  1.7  usb_request_send_response
0      6   0   0    22  1.2  usb_request_stall
0    396   4   5  2041  7.9  usb_isr_tok_dne
0      6   0   0    29  1.9  usb_enumerated
0     36   0   3   231  4.0  usb_token_reset
0     68   1   3   274  5.9  usb_endpoint_is_valid
0     22   0   1   158  3.1  usb_isr_tok_in_dne
0      6   0   1    53  1.9  usb_isr_tok_out_dne
0     44   0   0   285  5.4  usb_isr_tok_setup_dne
0    166   1   0  1454  8.3  usb_isr_tkn_setup_StandardDevice
0    142   1   3   939  7.7  usb_isr_tkn_setup_StandardInterface
0     96   1   0   753  5.8  usb_isr_tkn_setup_StandardEndpoint
0    108   1   0   790  7.7  usb_Get_Descriptor
0     14   0   0    76  1.8  usb_finish_set_address
0    102   1   4   609  7.2  usb_copy_desc_seg_to_ep
0     20   0   0             @const367
0     76   1   3   751  4.5  lcd_read_byte
0     82   1   2   254  3.7  lcd_read_nibble
0     70   1   1   391  2.4  lcd_send_nibble
0     70   1   3   404  3.5  lcd_send_byte
0    114   1   2   816  4.9  lcd_init
0     46   0   4   266  5.5  lcd_gotoxy
0    142   1   2   679  7.2  lcd_putc
0    136   1   0   407  4.7  MAIN
0     26   0   0   113  2.3  process_usb_data
0    158   1   2   125  1.6  lcd_refresh
0     40   0   3             @DIV88
0    200   2   6             @PRINTF_D_387
0     20   0   0             @const422
0    234   2   9             @PRINTF_LD_387
0     32   0   3             @PSTRINGCN_387
0     50   0   1   202  3.2  pwm_init
 Inline        3   107  3.4  percent_to_pwm
0    238   2   4   115  2.5  pwm_duty

Program metrics:
    Functions               55
    Statements              686
    Comments                2186
    Volume (V)              40690
    Difficilty (D)          235.9
    Effort to implement (E) 9599089
    Time to implement (T)   148 hours, 8 minutes
    Est Delivered Bugs (B)  15
    Cyclomatic Complexity   115
    Maintainability (MI)    79

 Segment     Used  Free
-----------  ----  ----
00000-00002     4  0  
00004-00006     4  0  
00008-000AC   166  0  
000AE-07FFE  5470  27124  



